WARNING: Font file '/github/home/.metanorma/fonts/cambria.ttc' (font name 'Cambria Math', font style 'normal', font weight 'normal') doesn't exist. Replaced by '/github/home/.metanorma/fonts/NotoSans-Regular.ttf'.
WARNING: Font file '/github/home/.metanorma/fonts/cambria.ttc' (font name 'Cambria Math', font style 'normal', font weight 'bold') doesn't exist. Replaced by '/github/home/.metanorma/fonts/NotoSans-Bold.ttf'.

Page 34: Unresolved ID reference "figure6" found.
Page 35: Unresolved ID reference "figure6" found.
1 link target could not be fully resolved and now point to the top of the page or is dysfunctional.
PDF isn't valid PDF/UA-1:
ValidationResult [flavour=ua1, totalAssertions=798244, assertions=[
TestAssertion [ruleId=RuleId [specification=ISO 14289-1:2014, clause=7.18.5, testNumber=2], status=failed,
message=Links shall contain an alternate description via their Contents key as described in ISO 32000-1:2008, 14.9.3,
location=Location [level=CosDocument, context=root/document[0]/pages[4](312 0 obj PDPage)/annots[6](80 0 obj PDLinkAnnot)], locationContext=null, errorMessage=null], 
TestAssertion [ruleId=RuleId [specification=ISO 14289-1:2014, clause=7.18.5, testNumber=2], status=failed,
message=Links shall contain an alternate description via their Contents key as described in ISO 32000-1:2008, 14.9.3,
location=Location [level=CosDocument, context=root/document[0]/pages[4](312 0 obj PDPage)/annots[7](82 0 obj PDLinkAnnot)], locationContext=null, errorMessage=null], 
TestAssertion [ruleId=RuleId [specification=ISO 14289-1:2014, clause=7.18.5, testNumber=2], status=failed,
message=Links shall contain an alternate description via their Contents key as described in ISO 32000-1:2008, 14.9.3,
location=Location [level=CosDocument, context=root/document[0]/pages[4](312 0 obj PDPage)/annots[8](84 0 obj PDLinkAnnot)], locationContext=null, errorMessage=null], 
TestAssertion [ruleId=RuleId [specification=ISO 14289-1:2014, clause=7.18.5, testNumber=2], status=failed,
message=Links shall contain an alternate description via their Contents key as described in ISO 32000-1:2008, 14.9.3,
location=Location [level=CosDocument, context=root/document[0]/pages[4](312 0 obj PDPage)/annots[9](86 0 obj PDLinkAnnot)], locationContext=null, errorMessage=null], 
TestAssertion [ruleId=RuleId [specification=ISO 14289-1:2014, clause=7.18.5, testNumber=2], status=failed,
message=Links shall contain an alternate description via their Contents key as described in ISO 32000-1:2008, 14.9.3,
location=Location [level=CosDocument, context=root/document[0]/pages[4](312 0 obj PDPage)/annots[10](88 0 obj PDLinkAnnot)], locationContext=null, errorMessage=null], 
TestAssertion [ruleId=RuleId [specification=ISO 14289-1:2014, clause=7.18.5, testNumber=2], status=failed,
message=Links shall contain an alternate description via their Contents key as described in ISO 32000-1:2008, 14.9.3,
location=Location [level=CosDocument, context=root/document[0]/pages[4](312 0 obj PDPage)/annots[11](90 0 obj PDLinkAnnot)], locationContext=null, errorMessage=null], 
TestAssertion [ruleId=RuleId [specification=ISO 14289-1:2014, clause=7.18.5, testNumber=2], status=failed,
message=Links shall contain an alternate description via their Contents key as described in ISO 32000-1:2008, 14.9.3,
location=Location [level=CosDocument, context=root/document[0]/pages[4](312 0 obj PDPage)/annots[12](92 0 obj PDLinkAnnot)], locationContext=null, errorMessage=null], 
TestAssertion [ruleId=RuleId [specification=ISO 14289-1:2014, clause=7.18.5, testNumber=2], status=failed,
message=Links shall contain an alternate description via their Contents key as described in ISO 32000-1:2008, 14.9.3,
location=Location [level=CosDocument, context=root/document[0]/pages[4](312 0 obj PDPage)/annots[13](94 0 obj PDLinkAnnot)], locationContext=null, errorMessage=null], 
TestAssertion [ruleId=RuleId [specification=ISO 14289-1:2014, clause=7.18.5, testNumber=2], status=failed,
message=Links shall contain an alternate description via their Contents key as described in ISO 32000-1:2008, 14.9.3,
location=Location [level=CosDocument, context=root/document[0]/pages[4](312 0 obj PDPage)/annots[14](96 0 obj PDLinkAnnot)], locationContext=null, errorMessage=null], 
TestAssertion [ruleId=RuleId [specification=ISO 14289-1:2014, clause=7.18.5, testNumber=2], status=failed,
message=Links shall contain an alternate description via their Contents key as described in ISO 32000-1:2008, 14.9.3,
location=Location [level=CosDocument, context=root/document[0]/pages[4](312 0 obj PDPage)/annots[15](98 0 obj PDLinkAnnot)], locationContext=null, errorMessage=null], 
TestAssertion [ruleId=RuleId [specification=ISO 14289-1:2014, clause=7.18.5, testNumber=2], status=failed,
message=Links shall contain an alternate description via their Contents key as described in ISO 32000-1:2008, 14.9.3,
location=Location [level=CosDocument, context=root/document[0]/pages[4](312 0 obj PDPage)/annots[16](100 0 obj PDLinkAnnot)], locationContext=null, errorMessage=null], 
TestAssertion [ruleId=RuleId [specification=ISO 14289-1:2014, clause=7.18.5, testNumber=2], status=failed,
message=Links shall contain an alternate description via their Contents key as described in ISO 32000-1:2008, 14.9.3,
location=Location [level=CosDocument, context=root/document[0]/pages[4](312 0 obj PDPage)/annots[17](102 0 obj PDLinkAnnot)], locationContext=null, errorMessage=null], 
TestAssertion [ruleId=RuleId [specification=ISO 14289-1:2014, clause=7.18.5, testNumber=2], status=failed,
message=Links shall contain an alternate description via their Contents key as described in ISO 32000-1:2008, 14.9.3,
location=Location [level=CosDocument, context=root/document[0]/pages[4](312 0 obj PDPage)/annots[18](104 0 obj PDLinkAnnot)], locationContext=null, errorMessage=null], 
TestAssertion [ruleId=RuleId [specification=ISO 14289-1:2014, clause=7.18.5, testNumber=2], status=failed,
message=Links shall contain an alternate description via their Contents key as described in ISO 32000-1:2008, 14.9.3,
location=Location [level=CosDocument, context=root/document[0]/pages[4](312 0 obj PDPage)/annots[42](152 0 obj PDLinkAnnot)], locationContext=null, errorMessage=null], 
TestAssertion [ruleId=RuleId [specification=ISO 14289-1:2014, clause=7.18.5, testNumber=2], status=failed,
message=Links shall contain an alternate description via their Contents key as described in ISO 32000-1:2008, 14.9.3,
location=Location [level=CosDocument, context=root/document[0]/pages[4](312 0 obj PDPage)/annots[43](154 0 obj PDLinkAnnot)], locationContext=null, errorMessage=null], 
TestAssertion [ruleId=RuleId [specification=ISO 14289-1:2014, clause=7.18.5, testNumber=2], status=failed,
message=Links shall contain an alternate description via their Contents key as described in ISO 32000-1:2008, 14.9.3,
location=Location [level=CosDocument, context=root/document[0]/pages[17](1342 0 obj PDPage)/annots[3](1344 0 obj PDLinkAnnot)], locationContext=null, errorMessage=null], 
TestAssertion [ruleId=RuleId [specification=ISO 14289-1:2014, clause=7.18.5, testNumber=2], status=failed,
message=Links shall contain an alternate description via their Contents key as described in ISO 32000-1:2008, 14.9.3,
location=Location [level=CosDocument, context=root/document[0]/pages[41](4516 0 obj PDPage)/annots[6](4513 0 obj PDLinkAnnot)], locationContext=null, errorMessage=null], 
TestAssertion [ruleId=RuleId [specification=ISO 14289-1:2014, clause=7.18.5, testNumber=1], status=failed,
message=Links shall be tagged according to ISO 32000-1:2008, 14.8.4.4.2, Link Element,
location=Location [level=CosDocument, context=root/document[0]/pages[41](4516 0 obj PDPage)/annots[6](4513 0 obj PDLinkAnnot)], locationContext=null, errorMessage=null], 
TestAssertion [ruleId=RuleId [specification=ISO 14289-1:2014, clause=7.18.1, testNumber=2], status=failed,
message=An annotation (except Widget annotations or hidden annotations, or those having rectangle outside the crop-box) shall have either Contents key or an Alt entry in the enclosing structure element,
location=Location [level=CosDocument, context=root/document[0]/pages[41](4516 0 obj PDPage)/annots[6](4513 0 obj PDLinkAnnot)], locationContext=null, errorMessage=null], 
TestAssertion [ruleId=RuleId [specification=ISO 14289-1:2014, clause=7.18.5, testNumber=2], status=failed,
message=Links shall contain an alternate description via their Contents key as described in ISO 32000-1:2008, 14.9.3,
location=Location [level=CosDocument, context=root/document[0]/pages[42](4653 0 obj PDPage)/annots[8](4663 0 obj PDLinkAnnot)], locationContext=null, errorMessage=null], 
TestAssertion [ruleId=RuleId [specification=ISO 14289-1:2014, clause=7.18.5, testNumber=1], status=failed,
message=Links shall be tagged according to ISO 32000-1:2008, 14.8.4.4.2, Link Element,
location=Location [level=CosDocument, context=root/document[0]/pages[42](4653 0 obj PDPage)/annots[8](4663 0 obj PDLinkAnnot)], locationContext=null, errorMessage=null], 
TestAssertion [ruleId=RuleId [specification=ISO 14289-1:2014, clause=7.18.1, testNumber=2], status=failed,
message=An annotation (except Widget annotations or hidden annotations, or those having rectangle outside the crop-box) shall have either Contents key or an Alt entry in the enclosing structure element,
location=Location [level=CosDocument, context=root/document[0]/pages[42](4653 0 obj PDPage)/annots[8](4663 0 obj PDLinkAnnot)], locationContext=null, errorMessage=null], 
TestAssertion [ruleId=RuleId [specification=ISO 14289-1:2014, clause=7.18.5, testNumber=2], status=failed,
message=Links shall contain an alternate description via their Contents key as described in ISO 32000-1:2008, 14.9.3,
location=Location [level=CosDocument, context=root/document[0]/pages[42](4653 0 obj PDPage)/annots[9](4664 0 obj PDLinkAnnot)], locationContext=null, errorMessage=null], 
TestAssertion [ruleId=RuleId [specification=ISO 14289-1:2014, clause=7.18.5, testNumber=1], status=failed,
message=Links shall be tagged according to ISO 32000-1:2008, 14.8.4.4.2, Link Element,
location=Location [level=CosDocument, context=root/document[0]/pages[42](4653 0 obj PDPage)/annots[9](4664 0 obj PDLinkAnnot)], locationContext=null, errorMessage=null], 
TestAssertion [ruleId=RuleId [specification=ISO 14289-1:2014, clause=7.18.1, testNumber=2], status=failed,
message=An annotation (except Widget annotations or hidden annotations, or those having rectangle outside the crop-box) shall have either Contents key or an Alt entry in the enclosing structure element,
location=Location [level=CosDocument, context=root/document[0]/pages[42](4653 0 obj PDPage)/annots[9](4664 0 obj PDLinkAnnot)], locationContext=null, errorMessage=null], 
TestAssertion [ruleId=RuleId [specification=ISO 14289-1:2014, clause=7.18.5, testNumber=2], status=failed,
message=Links shall contain an alternate description via their Contents key as described in ISO 32000-1:2008, 14.9.3,
location=Location [level=CosDocument, context=root/document[0]/pages[47](5262 0 obj PDPage)/annots[25](5278 0 obj PDLinkAnnot)], locationContext=null, errorMessage=null], 
TestAssertion [ruleId=RuleId [specification=ISO 14289-1:2014, clause=7.18.5, testNumber=2], status=failed,
message=Links shall contain an alternate description via their Contents key as described in ISO 32000-1:2008, 14.9.3,
location=Location [level=CosDocument, context=root/document[0]/pages[69](7293 0 obj PDPage)/annots[7](7297 0 obj PDLinkAnnot)], locationContext=null, errorMessage=null], 
TestAssertion [ruleId=RuleId [specification=ISO 14289-1:2014, clause=7.2, testNumber=27], status=failed,
message=TOC element may contain only TOC, TOCI and Caption elements,
location=Location [level=CosDocument, context=root/document[0]/StructTreeRoot[0](10869 0 obj PDStructTreeRoot)/K[0](10871 0 obj SEDocument Document)/K[3](11589 0 obj SEPart Part)/K[0](11619 0 obj SESect Sect)/K[0](11620 0 obj SEDiv Div)/K[0](11621 0 obj SETOC TOC)], locationContext=null, errorMessage=null], 
TestAssertion [ruleId=RuleId [specification=ISO 14289-1:2014, clause=7.2, testNumber=36], status=failed,
message=THead element may contain only TR elements,
location=Location [level=CosDocument, context=root/document[0]/StructTreeRoot[0](10869 0 obj PDStructTreeRoot)/K[0](10871 0 obj SEDocument Document)/K[6](11592 0 obj SEPart Part)/K[0](12098 0 obj SESect Sect)/K[0](12099 0 obj SEDiv Div)/K[6](12105 0 obj SEDiv Div)/K[5](12868 0 obj SEDiv Div)/K[4](13353 0 obj SEDiv Div)/K[2](13572 0 obj SETable Table)/K[0](3739 0 obj SETHead THead)], locationContext=null, errorMessage=null], 
TestAssertion [ruleId=RuleId [specification=ISO 14289-1:2014, clause=7.2, testNumber=36], status=failed,
message=THead element may contain only TR elements,
location=Location [level=CosDocument, context=root/document[0]/StructTreeRoot[0](10869 0 obj PDStructTreeRoot)/K[0](10871 0 obj SEDocument Document)/K[6](11592 0 obj SEPart Part)/K[0](12098 0 obj SESect Sect)/K[0](12099 0 obj SEDiv Div)/K[6](12105 0 obj SEDiv Div)/K[5](12868 0 obj SEDiv Div)/K[4](13353 0 obj SEDiv Div)/K[3](13573 0 obj SETable Table)/K[0](3800 0 obj SETHead THead)], locationContext=null, errorMessage=null], 
TestAssertion [ruleId=RuleId [specification=ISO 14289-1:2014, clause=7.2, testNumber=36], status=failed,
message=THead element may contain only TR elements,
location=Location [level=CosDocument, context=root/document[0]/StructTreeRoot[0](10869 0 obj PDStructTreeRoot)/K[0](10871 0 obj SEDocument Document)/K[6](11592 0 obj SEPart Part)/K[0](12098 0 obj SESect Sect)/K[0](12099 0 obj SEDiv Div)/K[9](12108 0 obj SEDiv Div)/K[2](14505 0 obj SEDiv Div)/K[2](14522 0 obj SEDiv Div)/K[1](5701 0 obj SEDiv Div)/K[3](14552 0 obj SETable Table)/K[0](5788 0 obj SETHead THead)], locationContext=null, errorMessage=null], 
TestAssertion [ruleId=RuleId [specification=ISO 14289-1:2014, clause=7.2, testNumber=36], status=failed,
message=THead element may contain only TR elements,
location=Location [level=CosDocument, context=root/document[0]/StructTreeRoot[0](10869 0 obj PDStructTreeRoot)/K[0](10871 0 obj SEDocument Document)/K[6](11592 0 obj SEPart Part)/K[0](12098 0 obj SESect Sect)/K[0](12099 0 obj SEDiv Div)/K[9](12108 0 obj SEDiv Div)/K[2](14505 0 obj SEDiv Div)/K[3](14523 0 obj SEDiv Div)/K[2](6038 0 obj SEDiv Div)/K[5](14744 0 obj SETable Table)/K[0](6145 0 obj SETHead THead)], locationContext=null, errorMessage=null], 
TestAssertion [ruleId=RuleId [specification=ISO 14289-1:2014, clause=7.2, testNumber=36], status=failed,
message=THead element may contain only TR elements,
location=Location [level=CosDocument, context=root/document[0]/StructTreeRoot[0](10869 0 obj PDStructTreeRoot)/K[0](10871 0 obj SEDocument Document)/K[6](11592 0 obj SEPart Part)/K[0](12098 0 obj SESect Sect)/K[0](12099 0 obj SEDiv Div)/K[9](12108 0 obj SEDiv Div)/K[2](14505 0 obj SEDiv Div)/K[4](14524 0 obj SEDiv Div)/K[1](6216 0 obj SEDiv Div)/K[3](14862 0 obj SETable Table)/K[0](6246 0 obj SETHead THead)], locationContext=null, errorMessage=null], 
TestAssertion [ruleId=RuleId [specification=ISO 14289-1:2014, clause=7.2, testNumber=36], status=failed,
message=THead element may contain only TR elements,
location=Location [level=CosDocument, context=root/document[0]/StructTreeRoot[0](10869 0 obj PDStructTreeRoot)/K[0](10871 0 obj SEDocument Document)/K[6](11592 0 obj SEPart Part)/K[0](12098 0 obj SESect Sect)/K[0](12099 0 obj SEDiv Div)/K[9](12108 0 obj SEDiv Div)/K[3](14506 0 obj SEDiv Div)/K[2](15000 0 obj SEDiv Div)/K[2](15081 0 obj SEDiv Div)/K[1](6658 0 obj SEDiv Div)/K[3](15109 0 obj SETable Table)/K[0](6730 0 obj SETHead THead)], locationContext=null, errorMessage=null], 
TestAssertion [ruleId=RuleId [specification=ISO 14289-1:2014, clause=7.2, testNumber=36], status=failed,
message=THead element may contain only TR elements,
location=Location [level=CosDocument, context=root/document[0]/StructTreeRoot[0](10869 0 obj PDStructTreeRoot)/K[0](10871 0 obj SEDocument Document)/K[6](11592 0 obj SEPart Part)/K[0](12098 0 obj SESect Sect)/K[0](12099 0 obj SEDiv Div)/K[9](12108 0 obj SEDiv Div)/K[3](14506 0 obj SEDiv Div)/K[3](15001 0 obj SEDiv Div)/K[2](6893 0 obj SEDiv Div)/K[3](15249 0 obj SETable Table)/K[0](6962 0 obj SETHead THead)], locationContext=null, errorMessage=null], 
TestAssertion [ruleId=RuleId [specification=ISO 14289-1:2014, clause=7.2, testNumber=36], status=failed,
message=THead element may contain only TR elements,
location=Location [level=CosDocument, context=root/document[0]/StructTreeRoot[0](10869 0 obj PDStructTreeRoot)/K[0](10871 0 obj SEDocument Document)/K[6](11592 0 obj SEPart Part)/K[0](12098 0 obj SESect Sect)/K[0](12099 0 obj SEDiv Div)/K[9](12108 0 obj SEDiv Div)/K[4](14507 0 obj SEDiv Div)/K[1](15364 0 obj SEDiv Div)/K[3](7223 0 obj SEDiv Div)/K[3](15397 0 obj SETable Table)/K[0](7263 0 obj SETHead THead)], locationContext=null, errorMessage=null], 
TestAssertion [ruleId=RuleId [specification=ISO 14289-1:2014, clause=7.2, testNumber=36], status=failed,
message=THead element may contain only TR elements,
location=Location [level=CosDocument, context=root/document[0]/StructTreeRoot[0](10869 0 obj PDStructTreeRoot)/K[0](10871 0 obj SEDocument Document)/K[6](11592 0 obj SEPart Part)/K[0](12098 0 obj SESect Sect)/K[0](12099 0 obj SEDiv Div)/K[9](12108 0 obj SEDiv Div)/K[4](14507 0 obj SEDiv Div)/K[2](15365 0 obj SEDiv Div)/K[2](7307 0 obj SEDiv Div)/K[7](15448 0 obj SETable Table)/K[0](7347 0 obj SETHead THead)], locationContext=null, errorMessage=null], 
TestAssertion [ruleId=RuleId [specification=ISO 14289-1:2014, clause=7.2, testNumber=36], status=failed,
message=THead element may contain only TR elements,
location=Location [level=CosDocument, context=root/document[0]/StructTreeRoot[0](10869 0 obj PDStructTreeRoot)/K[0](10871 0 obj SEDocument Document)/K[6](11592 0 obj SEPart Part)/K[0](12098 0 obj SESect Sect)/K[0](12099 0 obj SEDiv Div)/K[9](12108 0 obj SEDiv Div)/K[4](14507 0 obj SEDiv Div)/K[2](15365 0 obj SEDiv Div)/K[2](7307 0 obj SEDiv Div)/K[8](15449 0 obj SETable Table)/K[0](7369 0 obj SETHead THead)], locationContext=null, errorMessage=null], 
TestAssertion [ruleId=RuleId [specification=ISO 14289-1:2014, clause=7.2, testNumber=36], status=failed,
message=THead element may contain only TR elements,
location=Location [level=CosDocument, context=root/document[0]/StructTreeRoot[0](10869 0 obj PDStructTreeRoot)/K[0](10871 0 obj SEDocument Document)/K[6](11592 0 obj SEPart Part)/K[0](12098 0 obj SESect Sect)/K[0](12099 0 obj SEDiv Div)/K[9](12108 0 obj SEDiv Div)/K[4](14507 0 obj SEDiv Div)/K[2](15365 0 obj SEDiv Div)/K[3](7372 0 obj SEDiv Div)/K[7](15510 0 obj SETable Table)/K[0](7498 0 obj SETHead THead)], locationContext=null, errorMessage=null], 
TestAssertion [ruleId=RuleId [specification=ISO 14289-1:2014, clause=7.2, testNumber=36], status=failed,
message=THead element may contain only TR elements,
location=Location [level=CosDocument, context=root/document[0]/StructTreeRoot[0](10869 0 obj PDStructTreeRoot)/K[0](10871 0 obj SEDocument Document)/K[6](11592 0 obj SEPart Part)/K[0](12098 0 obj SESect Sect)/K[0](12099 0 obj SEDiv Div)/K[9](12108 0 obj SEDiv Div)/K[5](14508 0 obj SEDiv Div)/K[2](15650 0 obj SEDiv Div)/K[1](7614 0 obj SEDiv Div)/K[5](15654 0 obj SETable Table)/K[0](7663 0 obj SETHead THead)], locationContext=null, errorMessage=null], 
TestAssertion [ruleId=RuleId [specification=ISO 14289-1:2014, clause=7.2, testNumber=36], status=failed,
message=THead element may contain only TR elements,
location=Location [level=CosDocument, context=root/document[0]/StructTreeRoot[0](10869 0 obj PDStructTreeRoot)/K[0](10871 0 obj SEDocument Document)/K[6](11592 0 obj SEPart Part)/K[0](12098 0 obj SESect Sect)/K[0](12099 0 obj SEDiv Div)/K[9](12108 0 obj SEDiv Div)/K[5](14508 0 obj SEDiv Div)/K[2](15650 0 obj SEDiv Div)/K[1](7614 0 obj SEDiv Div)/K[6](15655 0 obj SETable Table)/K[0](7711 0 obj SETHead THead)], locationContext=null, errorMessage=null], 
TestAssertion [ruleId=RuleId [specification=ISO 14289-1:2014, clause=7.2, testNumber=36], status=failed,
message=THead element may contain only TR elements,
location=Location [level=CosDocument, context=root/document[0]/StructTreeRoot[0](10869 0 obj PDStructTreeRoot)/K[0](10871 0 obj SEDocument Document)/K[6](11592 0 obj SEPart Part)/K[0](12098 0 obj SESect Sect)/K[0](12099 0 obj SEDiv Div)/K[9](12108 0 obj SEDiv Div)/K[5](14508 0 obj SEDiv Div)/K[3](15651 0 obj SEDiv Div)/K[2](7842 0 obj SEDiv Div)/K[3](15810 0 obj SETable Table)/K[0](7895 0 obj SETHead THead)], locationContext=null, errorMessage=null], 
TestAssertion [ruleId=RuleId [specification=ISO 14289-1:2014, clause=7.2, testNumber=36], status=failed,
message=THead element may contain only TR elements,
location=Location [level=CosDocument, context=root/document[0]/StructTreeRoot[0](10869 0 obj PDStructTreeRoot)/K[0](10871 0 obj SEDocument Document)/K[6](11592 0 obj SEPart Part)/K[0](12098 0 obj SESect Sect)/K[0](12099 0 obj SEDiv Div)/K[9](12108 0 obj SEDiv Div)/K[5](14508 0 obj SEDiv Div)/K[3](15651 0 obj SEDiv Div)/K[4](7944 0 obj SEDiv Div)/K[3](15907 0 obj SETable Table)/K[0](7989 0 obj SETHead THead)], locationContext=null, errorMessage=null], 
TestAssertion [ruleId=RuleId [specification=ISO 14289-1:2014, clause=7.2, testNumber=36], status=failed,
message=THead element may contain only TR elements,
location=Location [level=CosDocument, context=root/document[0]/StructTreeRoot[0](10869 0 obj PDStructTreeRoot)/K[0](10871 0 obj SEDocument Document)/K[6](11592 0 obj SEPart Part)/K[0](12098 0 obj SESect Sect)/K[0](12099 0 obj SEDiv Div)/K[9](12108 0 obj SEDiv Div)/K[5](14508 0 obj SEDiv Div)/K[3](15651 0 obj SEDiv Div)/K[4](7944 0 obj SEDiv Div)/K[4](15908 0 obj SETable Table)/K[0](8126 0 obj SETHead THead)], locationContext=null, errorMessage=null]], isCompliant=false]
WARNING: Font file '/github/home/.metanorma/fonts/cambria.ttc' (font name 'Cambria Math', font style 'normal', font weight 'normal') doesn't exist. Replaced by '/github/home/.metanorma/fonts/NotoSans-Regular.ttf'.
WARNING: Font file '/github/home/.metanorma/fonts/cambria.ttc' (font name 'Cambria Math', font style 'normal', font weight 'bold') doesn't exist. Replaced by '/github/home/.metanorma/fonts/NotoSans-Bold.ttf'.

