WARNING: Font file '/github/home/.metanorma/fonts/cambria.ttc' (font name 'Cambria Math', font style 'normal', font weight 'normal') doesn't exist. Replaced by '/github/home/.metanorma/fonts/NotoSans-Regular.ttf'.
WARNING: Font file '/github/home/.metanorma/fonts/cambria.ttc' (font name 'Cambria Math', font style 'normal', font weight 'bold') doesn't exist. Replaced by '/github/home/.metanorma/fonts/NotoSans-Bold.ttf'.

Font "Cambria Math,italic,400" not found. Substituting with "Cambria Math,normal,400".
PDF isn't valid PDF/UA-1:
ValidationResult [flavour=ua1, totalAssertions=1354178, assertions=[
TestAssertion [ruleId=RuleId [specification=ISO 14289-1:2014, clause=7.2, testNumber=27], status=failed,
message=TOC element may contain only TOC, TOCI and Caption elements,
location=Location [level=CosDocument, context=root/document[0]/StructTreeRoot[0](16824 0 obj PDStructTreeRoot)/K[0](16826 0 obj SEDocument Document)/K[3](18336 0 obj SEPart Part)/K[0](18369 0 obj SESect Sect)/K[0](18370 0 obj SEDiv Div)/K[0](18371 0 obj SETOC TOC)], locationContext=null, errorMessage=null], 
TestAssertion [ruleId=RuleId [specification=ISO 14289-1:2014, clause=7.2, testNumber=36], status=failed,
message=THead element may contain only TR elements,
location=Location [level=CosDocument, context=root/document[0]/StructTreeRoot[0](16824 0 obj PDStructTreeRoot)/K[0](16826 0 obj SEDocument Document)/K[7](18340 0 obj SEPart Part)/K[0](18774 0 obj SESect Sect)/K[0](18775 0 obj SEDiv Div)/K[4](18779 0 obj SEDiv Div)/K[5](18948 0 obj SEDiv Div)/K[3](2648 0 obj SEDiv Div)/K[3](19464 0 obj SETable Table)/K[0](2707 0 obj SETHead THead)], locationContext=null, errorMessage=null], 
TestAssertion [ruleId=RuleId [specification=ISO 14289-1:2014, clause=7.2, testNumber=36], status=failed,
message=THead element may contain only TR elements,
location=Location [level=CosDocument, context=root/document[0]/StructTreeRoot[0](16824 0 obj PDStructTreeRoot)/K[0](16826 0 obj SEDocument Document)/K[8](18341 0 obj SEPart Part)/K[0](20181 0 obj SESect Sect)/K[0](20182 0 obj SEDiv Div)/K[4](20187 0 obj SEDiv Div)/K[5](20912 0 obj SEDiv Div)/K[4](6728 0 obj SEDiv Div)/K[4](21161 0 obj SETable Table)/K[0](6811 0 obj SETHead THead)], locationContext=null, errorMessage=null], 
TestAssertion [ruleId=RuleId [specification=ISO 14289-1:2014, clause=7.2, testNumber=36], status=failed,
message=THead element may contain only TR elements,
location=Location [level=CosDocument, context=root/document[0]/StructTreeRoot[0](16824 0 obj PDStructTreeRoot)/K[0](16826 0 obj SEDocument Document)/K[8](18341 0 obj SEPart Part)/K[0](20181 0 obj SESect Sect)/K[0](20182 0 obj SEDiv Div)/K[6](20189 0 obj SEDiv Div)/K[1](21759 0 obj SEDiv Div)/K[3](8034 0 obj SEDiv Div)/K[3](21780 0 obj SETable Table)/K[0](8077 0 obj SETHead THead)], locationContext=null, errorMessage=null], 
TestAssertion [ruleId=RuleId [specification=ISO 14289-1:2014, clause=7.2, testNumber=36], status=failed,
message=THead element may contain only TR elements,
location=Location [level=CosDocument, context=root/document[0]/StructTreeRoot[0](16824 0 obj PDStructTreeRoot)/K[0](16826 0 obj SEDocument Document)/K[8](18341 0 obj SEPart Part)/K[0](20181 0 obj SESect Sect)/K[0](20182 0 obj SEDiv Div)/K[6](20189 0 obj SEDiv Div)/K[6](21764 0 obj SEDiv Div)/K[6](9298 0 obj SEDiv Div)/K[9](22357 0 obj SETable Table)/K[0](9572 0 obj SETHead THead)], locationContext=null, errorMessage=null], 
TestAssertion [ruleId=RuleId [specification=ISO 14289-1:2014, clause=7.2, testNumber=36], status=failed,
message=THead element may contain only TR elements,
location=Location [level=CosDocument, context=root/document[0]/StructTreeRoot[0](16824 0 obj PDStructTreeRoot)/K[0](16826 0 obj SEDocument Document)/K[8](18341 0 obj SEPart Part)/K[0](20181 0 obj SESect Sect)/K[0](20182 0 obj SEDiv Div)/K[7](20190 0 obj SEDiv Div)/K[5](22468 0 obj SEDiv Div)/K[3](22883 0 obj SEDiv Div)/K[5](22900 0 obj SETable Table)/K[0](10479 0 obj SETHead THead)], locationContext=null, errorMessage=null], 
TestAssertion [ruleId=RuleId [specification=ISO 14289-1:2014, clause=7.2, testNumber=36], status=failed,
message=THead element may contain only TR elements,
location=Location [level=CosDocument, context=root/document[0]/StructTreeRoot[0](16824 0 obj PDStructTreeRoot)/K[0](16826 0 obj SEDocument Document)/K[8](18341 0 obj SEPart Part)/K[0](20181 0 obj SESect Sect)/K[0](20182 0 obj SEDiv Div)/K[7](20190 0 obj SEDiv Div)/K[5](22468 0 obj SEDiv Div)/K[4](22884 0 obj SEDiv Div)/K[14](22980 0 obj SETable Table)/K[0](10690 0 obj SETHead THead)], locationContext=null, errorMessage=null], 
TestAssertion [ruleId=RuleId [specification=ISO 14289-1:2014, clause=7.2, testNumber=36], status=failed,
message=THead element may contain only TR elements,
location=Location [level=CosDocument, context=root/document[0]/StructTreeRoot[0](16824 0 obj PDStructTreeRoot)/K[0](16826 0 obj SEDocument Document)/K[8](18341 0 obj SEPart Part)/K[0](20181 0 obj SESect Sect)/K[0](20182 0 obj SEDiv Div)/K[7](20190 0 obj SEDiv Div)/K[5](22468 0 obj SEDiv Div)/K[5](22885 0 obj SEDiv Div)/K[4](23114 0 obj SETable Table)/K[0](10794 0 obj SETHead THead)], locationContext=null, errorMessage=null], 
TestAssertion [ruleId=RuleId [specification=ISO 14289-1:2014, clause=7.2, testNumber=36], status=failed,
message=THead element may contain only TR elements,
location=Location [level=CosDocument, context=root/document[0]/StructTreeRoot[0](16824 0 obj PDStructTreeRoot)/K[0](16826 0 obj SEDocument Document)/K[8](18341 0 obj SEPart Part)/K[0](20181 0 obj SESect Sect)/K[0](20182 0 obj SEDiv Div)/K[7](20190 0 obj SEDiv Div)/K[5](22468 0 obj SEDiv Div)/K[5](22885 0 obj SEDiv Div)/K[12](23117 0 obj SETable Table)/K[0](10903 0 obj SETHead THead)], locationContext=null, errorMessage=null], 
TestAssertion [ruleId=RuleId [specification=ISO 14289-1:2014, clause=7.2, testNumber=36], status=failed,
message=THead element may contain only TR elements,
location=Location [level=CosDocument, context=root/document[0]/StructTreeRoot[0](16824 0 obj PDStructTreeRoot)/K[0](16826 0 obj SEDocument Document)/K[9](18342 0 obj SEPart Part)/K[0](24091 0 obj SESect Sect)/K[0](24092 0 obj SEDiv Div)/K[0](24093 0 obj SEDiv Div)/K[0](24094 0 obj SEDiv Div)/K[0](24095 0 obj SEDiv Div)/K[0](24096 0 obj SEDiv Div)/K[0](24097 0 obj SETable Table)/K[0](12307 0 obj SETHead THead)], locationContext=null, errorMessage=null]], isCompliant=false]
WARNING: Font file '/github/home/.metanorma/fonts/cambria.ttc' (font name 'Cambria Math', font style 'normal', font weight 'normal') doesn't exist. Replaced by '/github/home/.metanorma/fonts/NotoSans-Regular.ttf'.
WARNING: Font file '/github/home/.metanorma/fonts/cambria.ttc' (font name 'Cambria Math', font style 'normal', font weight 'bold') doesn't exist. Replaced by '/github/home/.metanorma/fonts/NotoSans-Bold.ttf'.

