WARNING: Font file '/github/home/.metanorma/fonts/cambria.ttc' (font name 'Cambria Math', font style 'normal', font weight 'normal') doesn't exist. Replaced by '/github/home/.metanorma/fonts/NotoSans-Regular.ttf'.
WARNING: Font file '/github/home/.metanorma/fonts/cambria.ttc' (font name 'Cambria Math', font style 'normal', font weight 'bold') doesn't exist. Replaced by '/github/home/.metanorma/fonts/NotoSans-Bold.ttf'.

Font "Cambria Math,italic,400" not found. Substituting with "Cambria Math,normal,400".
PDF isn't valid PDF/UA-1:
ValidationResult [flavour=ua1, totalAssertions=960477, assertions=[
TestAssertion [ruleId=RuleId [specification=ISO 14289-1:2014, clause=7.18.5, testNumber=2], status=failed,
message=Links shall contain an alternate description via their Contents key as described in ISO 32000-1:2008, 14.9.3,
location=Location [level=CosDocument, context=root/document[0]/pages[4](326 0 obj PDPage)/annots[6](80 0 obj PDLinkAnnot)], locationContext=null, errorMessage=null], 
TestAssertion [ruleId=RuleId [specification=ISO 14289-1:2014, clause=7.18.5, testNumber=2], status=failed,
message=Links shall contain an alternate description via their Contents key as described in ISO 32000-1:2008, 14.9.3,
location=Location [level=CosDocument, context=root/document[0]/pages[4](326 0 obj PDPage)/annots[7](82 0 obj PDLinkAnnot)], locationContext=null, errorMessage=null], 
TestAssertion [ruleId=RuleId [specification=ISO 14289-1:2014, clause=7.18.5, testNumber=2], status=failed,
message=Links shall contain an alternate description via their Contents key as described in ISO 32000-1:2008, 14.9.3,
location=Location [level=CosDocument, context=root/document[0]/pages[4](326 0 obj PDPage)/annots[8](84 0 obj PDLinkAnnot)], locationContext=null, errorMessage=null], 
TestAssertion [ruleId=RuleId [specification=ISO 14289-1:2014, clause=7.18.5, testNumber=2], status=failed,
message=Links shall contain an alternate description via their Contents key as described in ISO 32000-1:2008, 14.9.3,
location=Location [level=CosDocument, context=root/document[0]/pages[4](326 0 obj PDPage)/annots[9](86 0 obj PDLinkAnnot)], locationContext=null, errorMessage=null], 
TestAssertion [ruleId=RuleId [specification=ISO 14289-1:2014, clause=7.18.5, testNumber=2], status=failed,
message=Links shall contain an alternate description via their Contents key as described in ISO 32000-1:2008, 14.9.3,
location=Location [level=CosDocument, context=root/document[0]/pages[4](326 0 obj PDPage)/annots[10](88 0 obj PDLinkAnnot)], locationContext=null, errorMessage=null], 
TestAssertion [ruleId=RuleId [specification=ISO 14289-1:2014, clause=7.18.5, testNumber=2], status=failed,
message=Links shall contain an alternate description via their Contents key as described in ISO 32000-1:2008, 14.9.3,
location=Location [level=CosDocument, context=root/document[0]/pages[4](326 0 obj PDPage)/annots[11](90 0 obj PDLinkAnnot)], locationContext=null, errorMessage=null], 
TestAssertion [ruleId=RuleId [specification=ISO 14289-1:2014, clause=7.18.5, testNumber=2], status=failed,
message=Links shall contain an alternate description via their Contents key as described in ISO 32000-1:2008, 14.9.3,
location=Location [level=CosDocument, context=root/document[0]/pages[4](326 0 obj PDPage)/annots[12](92 0 obj PDLinkAnnot)], locationContext=null, errorMessage=null], 
TestAssertion [ruleId=RuleId [specification=ISO 14289-1:2014, clause=7.18.5, testNumber=2], status=failed,
message=Links shall contain an alternate description via their Contents key as described in ISO 32000-1:2008, 14.9.3,
location=Location [level=CosDocument, context=root/document[0]/pages[4](326 0 obj PDPage)/annots[13](94 0 obj PDLinkAnnot)], locationContext=null, errorMessage=null], 
TestAssertion [ruleId=RuleId [specification=ISO 14289-1:2014, clause=7.18.5, testNumber=2], status=failed,
message=Links shall contain an alternate description via their Contents key as described in ISO 32000-1:2008, 14.9.3,
location=Location [level=CosDocument, context=root/document[0]/pages[11](645 0 obj PDPage)/annots[4](642 0 obj PDLinkAnnot)], locationContext=null, errorMessage=null], 
TestAssertion [ruleId=RuleId [specification=ISO 14289-1:2014, clause=7.2, testNumber=27], status=failed,
message=TOC element may contain only TOC, TOCI and Caption elements,
location=Location [level=CosDocument, context=root/document[0]/StructTreeRoot[0](13978 0 obj PDStructTreeRoot)/K[0](13980 0 obj SEDocument Document)/K[3](15277 0 obj SEPart Part)/K[0](15307 0 obj SESect Sect)/K[0](15308 0 obj SEDiv Div)/K[0](15309 0 obj SETOC TOC)], locationContext=null, errorMessage=null], 
TestAssertion [ruleId=RuleId [specification=ISO 14289-1:2014, clause=7.2, testNumber=36], status=failed,
message=THead element may contain only TR elements,
location=Location [level=CosDocument, context=root/document[0]/StructTreeRoot[0](13978 0 obj PDStructTreeRoot)/K[0](13980 0 obj SEDocument Document)/K[6](15280 0 obj SEPart Part)/K[0](15840 0 obj SESect Sect)/K[0](15841 0 obj SEDiv Div)/K[6](15847 0 obj SEDiv Div)/K[4](16696 0 obj SEDiv Div)/K[3](16734 0 obj SEDiv Div)/K[2](16783 0 obj SEDiv Div)/K[4](16806 0 obj SETable Table)/K[0](3307 0 obj SETHead THead)], locationContext=null, errorMessage=null], 
TestAssertion [ruleId=RuleId [specification=ISO 14289-1:2014, clause=7.2, testNumber=36], status=failed,
message=THead element may contain only TR elements,
location=Location [level=CosDocument, context=root/document[0]/StructTreeRoot[0](13978 0 obj PDStructTreeRoot)/K[0](13980 0 obj SEDocument Document)/K[6](15280 0 obj SEPart Part)/K[0](15840 0 obj SESect Sect)/K[0](15841 0 obj SEDiv Div)/K[9](15850 0 obj SEDiv Div)/K[2](17879 0 obj SEDiv Div)/K[2](17907 0 obj SEDiv Div)/K[6](17929 0 obj SEDiv Div)/K[2](17960 0 obj SETable Table)/K[0](5912 0 obj SETHead THead)], locationContext=null, errorMessage=null], 
TestAssertion [ruleId=RuleId [specification=ISO 14289-1:2014, clause=7.2, testNumber=36], status=failed,
message=THead element may contain only TR elements,
location=Location [level=CosDocument, context=root/document[0]/StructTreeRoot[0](13978 0 obj PDStructTreeRoot)/K[0](13980 0 obj SEDocument Document)/K[6](15280 0 obj SEPart Part)/K[0](15840 0 obj SESect Sect)/K[0](15841 0 obj SEDiv Div)/K[9](15850 0 obj SEDiv Div)/K[2](17879 0 obj SEDiv Div)/K[3](17908 0 obj SEDiv Div)/K[2](18025 0 obj SEDiv Div)/K[2](18032 0 obj SETable Table)/K[0](6143 0 obj SETHead THead)], locationContext=null, errorMessage=null], 
TestAssertion [ruleId=RuleId [specification=ISO 14289-1:2014, clause=7.2, testNumber=36], status=failed,
message=THead element may contain only TR elements,
location=Location [level=CosDocument, context=root/document[0]/StructTreeRoot[0](13978 0 obj PDStructTreeRoot)/K[0](13980 0 obj SEDocument Document)/K[6](15280 0 obj SEPart Part)/K[0](15840 0 obj SESect Sect)/K[0](15841 0 obj SEDiv Div)/K[9](15850 0 obj SEDiv Div)/K[2](17879 0 obj SEDiv Div)/K[4](17909 0 obj SEDiv Div)/K[2](6265 0 obj SEDiv Div)/K[3](18095 0 obj SETable Table)/K[0](6348 0 obj SETHead THead)], locationContext=null, errorMessage=null], 
TestAssertion [ruleId=RuleId [specification=ISO 14289-1:2014, clause=7.2, testNumber=36], status=failed,
message=THead element may contain only TR elements,
location=Location [level=CosDocument, context=root/document[0]/StructTreeRoot[0](13978 0 obj PDStructTreeRoot)/K[0](13980 0 obj SEDocument Document)/K[6](15280 0 obj SEPart Part)/K[0](15840 0 obj SESect Sect)/K[0](15841 0 obj SEDiv Div)/K[9](15850 0 obj SEDiv Div)/K[3](17880 0 obj SEDiv Div)/K[1](18160 0 obj SEDiv Div)/K[4](18163 0 obj SEDiv Div)/K[2](18225 0 obj SETable Table)/K[0](6632 0 obj SETHead THead)], locationContext=null, errorMessage=null], 
TestAssertion [ruleId=RuleId [specification=ISO 14289-1:2014, clause=7.2, testNumber=36], status=failed,
message=THead element may contain only TR elements,
location=Location [level=CosDocument, context=root/document[0]/StructTreeRoot[0](13978 0 obj PDStructTreeRoot)/K[0](13980 0 obj SEDocument Document)/K[6](15280 0 obj SEPart Part)/K[0](15840 0 obj SESect Sect)/K[0](15841 0 obj SEDiv Div)/K[9](15850 0 obj SEDiv Div)/K[3](17880 0 obj SEDiv Div)/K[2](18161 0 obj SEDiv Div)/K[3](18313 0 obj SEDiv Div)/K[2](18326 0 obj SETable Table)/K[0](6774 0 obj SETHead THead)], locationContext=null, errorMessage=null], 
TestAssertion [ruleId=RuleId [specification=ISO 14289-1:2014, clause=7.2, testNumber=36], status=failed,
message=THead element may contain only TR elements,
location=Location [level=CosDocument, context=root/document[0]/StructTreeRoot[0](13978 0 obj PDStructTreeRoot)/K[0](13980 0 obj SEDocument Document)/K[6](15280 0 obj SEPart Part)/K[0](15840 0 obj SESect Sect)/K[0](15841 0 obj SEDiv Div)/K[9](15850 0 obj SEDiv Div)/K[3](17880 0 obj SEDiv Div)/K[2](18161 0 obj SEDiv Div)/K[5](6819 0 obj SEDiv Div)/K[5](18369 0 obj SETable Table)/K[0](6851 0 obj SETHead THead)], locationContext=null, errorMessage=null], 
TestAssertion [ruleId=RuleId [specification=ISO 14289-1:2014, clause=7.2, testNumber=36], status=failed,
message=THead element may contain only TR elements,
location=Location [level=CosDocument, context=root/document[0]/StructTreeRoot[0](13978 0 obj PDStructTreeRoot)/K[0](13980 0 obj SEDocument Document)/K[6](15280 0 obj SEPart Part)/K[0](15840 0 obj SESect Sect)/K[0](15841 0 obj SEDiv Div)/K[9](15850 0 obj SEDiv Div)/K[4](17881 0 obj SEDiv Div)/K[2](18424 0 obj SEDiv Div)/K[2](18524 0 obj SEDiv Div)/K[7](7300 0 obj SEDiv Div)/K[5](18597 0 obj SETable Table)/K[0](7413 0 obj SETHead THead)], locationContext=null, errorMessage=null], 
TestAssertion [ruleId=RuleId [specification=ISO 14289-1:2014, clause=7.2, testNumber=36], status=failed,
message=THead element may contain only TR elements,
location=Location [level=CosDocument, context=root/document[0]/StructTreeRoot[0](13978 0 obj PDStructTreeRoot)/K[0](13980 0 obj SEDocument Document)/K[6](15280 0 obj SEPart Part)/K[0](15840 0 obj SESect Sect)/K[0](15841 0 obj SEDiv Div)/K[9](15850 0 obj SEDiv Div)/K[4](17881 0 obj SEDiv Div)/K[3](18425 0 obj SEDiv Div)/K[2](18710 0 obj SEDiv Div)/K[1](7782 0 obj SEDiv Div)/K[3](18734 0 obj SETable Table)/K[0](7849 0 obj SETHead THead)], locationContext=null, errorMessage=null], 
TestAssertion [ruleId=RuleId [specification=ISO 14289-1:2014, clause=7.2, testNumber=36], status=failed,
message=THead element may contain only TR elements,
location=Location [level=CosDocument, context=root/document[0]/StructTreeRoot[0](13978 0 obj PDStructTreeRoot)/K[0](13980 0 obj SEDocument Document)/K[6](15280 0 obj SEPart Part)/K[0](15840 0 obj SESect Sect)/K[0](15841 0 obj SEDiv Div)/K[9](15850 0 obj SEDiv Div)/K[5](17882 0 obj SEDiv Div)/K[2](18777 0 obj SEDiv Div)/K[1](18912 0 obj SEDiv Div)/K[2](18922 0 obj SETable Table)/K[0](8247 0 obj SETHead THead)], locationContext=null, errorMessage=null], 
TestAssertion [ruleId=RuleId [specification=ISO 14289-1:2014, clause=7.2, testNumber=36], status=failed,
message=THead element may contain only TR elements,
location=Location [level=CosDocument, context=root/document[0]/StructTreeRoot[0](13978 0 obj PDStructTreeRoot)/K[0](13980 0 obj SEDocument Document)/K[6](15280 0 obj SEPart Part)/K[0](15840 0 obj SESect Sect)/K[0](15841 0 obj SEDiv Div)/K[9](15850 0 obj SEDiv Div)/K[5](17882 0 obj SEDiv Div)/K[4](18779 0 obj SEDiv Div)/K[2](8677 0 obj SEDiv Div)/K[3](19229 0 obj SETable Table)/K[0](8702 0 obj SETHead THead)], locationContext=null, errorMessage=null], 
TestAssertion [ruleId=RuleId [specification=ISO 14289-1:2014, clause=7.2, testNumber=36], status=failed,
message=THead element may contain only TR elements,
location=Location [level=CosDocument, context=root/document[0]/StructTreeRoot[0](13978 0 obj PDStructTreeRoot)/K[0](13980 0 obj SEDocument Document)/K[7](15281 0 obj SEPart Part)/K[0](19253 0 obj SESect Sect)/K[0](19254 0 obj SEDiv Div)/K[2](19257 0 obj SEDiv Div)/K[3](19288 0 obj SEDiv Div)/K[1](19331 0 obj SEDiv Div)/K[3](8981 0 obj SEDiv Div)/K[3](19337 0 obj SETable Table)/K[0](9005 0 obj SETHead THead)], locationContext=null, errorMessage=null], 
TestAssertion [ruleId=RuleId [specification=ISO 14289-1:2014, clause=7.2, testNumber=36], status=failed,
message=THead element may contain only TR elements,
location=Location [level=CosDocument, context=root/document[0]/StructTreeRoot[0](13978 0 obj PDStructTreeRoot)/K[0](13980 0 obj SEDocument Document)/K[7](15281 0 obj SEPart Part)/K[0](19253 0 obj SESect Sect)/K[0](19254 0 obj SEDiv Div)/K[2](19257 0 obj SEDiv Div)/K[3](19288 0 obj SEDiv Div)/K[3](19333 0 obj SEDiv Div)/K[2](9089 0 obj SEDiv Div)/K[3](19401 0 obj SETable Table)/K[0](9096 0 obj SETHead THead)], locationContext=null, errorMessage=null], 
TestAssertion [ruleId=RuleId [specification=ISO 14289-1:2014, clause=7.2, testNumber=36], status=failed,
message=THead element may contain only TR elements,
location=Location [level=CosDocument, context=root/document[0]/StructTreeRoot[0](13978 0 obj PDStructTreeRoot)/K[0](13980 0 obj SEDocument Document)/K[7](15281 0 obj SEPart Part)/K[0](19253 0 obj SESect Sect)/K[0](19254 0 obj SEDiv Div)/K[2](19257 0 obj SEDiv Div)/K[4](19289 0 obj SEDiv Div)/K[2](19500 0 obj SETable Table)/K[0](9260 0 obj SETHead THead)], locationContext=null, errorMessage=null], 
TestAssertion [ruleId=RuleId [specification=ISO 14289-1:2014, clause=7.2, testNumber=36], status=failed,
message=THead element may contain only TR elements,
location=Location [level=CosDocument, context=root/document[0]/StructTreeRoot[0](13978 0 obj PDStructTreeRoot)/K[0](13980 0 obj SEDocument Document)/K[7](15281 0 obj SEPart Part)/K[0](19253 0 obj SESect Sect)/K[0](19254 0 obj SEDiv Div)/K[2](19257 0 obj SEDiv Div)/K[5](19290 0 obj SEDiv Div)/K[2](19533 0 obj SEDiv Div)/K[2](19542 0 obj SETable Table)/K[0](9342 0 obj SETHead THead)], locationContext=null, errorMessage=null], 
TestAssertion [ruleId=RuleId [specification=ISO 14289-1:2014, clause=7.2, testNumber=36], status=failed,
message=THead element may contain only TR elements,
location=Location [level=CosDocument, context=root/document[0]/StructTreeRoot[0](13978 0 obj PDStructTreeRoot)/K[0](13980 0 obj SEDocument Document)/K[7](15281 0 obj SEPart Part)/K[0](19253 0 obj SESect Sect)/K[0](19254 0 obj SEDiv Div)/K[2](19257 0 obj SEDiv Div)/K[6](19291 0 obj SEDiv Div)/K[2](19629 0 obj SETable Table)/K[0](9494 0 obj SETHead THead)], locationContext=null, errorMessage=null]], isCompliant=false]
WARNING: Font file '/github/home/.metanorma/fonts/cambria.ttc' (font name 'Cambria Math', font style 'normal', font weight 'normal') doesn't exist. Replaced by '/github/home/.metanorma/fonts/NotoSans-Regular.ttf'.
WARNING: Font file '/github/home/.metanorma/fonts/cambria.ttc' (font name 'Cambria Math', font style 'normal', font weight 'bold') doesn't exist. Replaced by '/github/home/.metanorma/fonts/NotoSans-Bold.ttf'.

